<?xml version="1.0" encoding="UTF-8"?>
<testng-results skipped="0" failed="0" ignored="0" total="1" passed="1">
  <reporter-output>
    <line>
      <![CDATA[Hi]]>
    </line>
  </reporter-output>
  <suite name="Suite" duration-ms="29" started-at="2021-02-21T04:04:56Z" finished-at="2021-02-21T04:04:56Z">
    <groups>
    </groups>
    <test name="Test" duration-ms="29" started-at="2021-02-21T04:04:56Z" finished-at="2021-02-21T04:04:56Z">
      <class name="project.Demo">
        <test-method status="PASS" signature="testA()[pri:0, instance:project.Demo@4e04a765]" name="testA" duration-ms="11" started-at="2021-02-21T15:04:56Z" finished-at="2021-02-21T15:04:56Z">
          <reporter-output>
            <line>
              <![CDATA[Hi]]>
            </line>
          </reporter-output>
        </test-method> <!-- testA -->
      </class> <!-- project.Demo -->
    </test> <!-- Test -->
  </suite> <!-- Suite -->
</testng-results>
